2019-03-10 15:34:50.1867 Info Message Template Auto Format enabled
2019-03-10 15:34:50.2510 Info Adding target File Target[file]
2019-03-10 15:34:50.2585 Info Configured from an XML element in C:\Users\Anant\source\repos\NameSorter\NameSorter\bin\Release\netcoreapp2.1\NLog.config...
2019-03-10 15:34:50.2738 Info Found 18 configuration items
2019-03-10 15:34:50.2950 Info Configuration initialized.
2019-03-10 15:34:50.3099 Info NLog, Version=4.0.0.0, Culture=neutral, PublicKeyToken=5120e14c03d0593c. File version: 4.5.11.8645. Product version: 4.5.11.
2019-03-10 15:35:28.2879 Info Message Template Auto Format enabled
2019-03-10 15:35:28.3560 Info Adding target File Target[file]
2019-03-10 15:35:28.3677 Info Configured from an XML element in C:\Users\Anant\source\repos\NameSorter\NameSorter\bin\Release\netcoreapp2.1\NLog.config...
2019-03-10 15:35:28.3865 Info Found 18 configuration items
2019-03-10 15:35:28.4052 Info Configuration initialized.
2019-03-10 15:35:28.4157 Info NLog, Version=4.0.0.0, Culture=neutral, PublicKeyToken=5120e14c03d0593c. File version: 4.5.11.8645. Product version: 4.5.11.
2019-03-10 15:36:24.7443 Info Shutting down logging...
2019-03-10 15:36:24.7801 Info Logger has been shut down.
2019-03-10 15:42:44.3811 Info Message Template Auto Format enabled
2019-03-10 15:42:44.4490 Info Adding target File Target[file]
2019-03-10 15:42:44.4490 Info Configured from an XML element in C:\Users\Anant\source\repos\NameSorter\NameSorter\bin\Release\netcoreapp2.1\NLog.config...
2019-03-10 15:42:44.4710 Info Found 18 configuration items
2019-03-10 15:42:44.4870 Info Configuration initialized.
2019-03-10 15:42:44.4970 Info NLog, Version=4.0.0.0, Culture=neutral, PublicKeyToken=5120e14c03d0593c. File version: 4.5.11.8645. Product version: 4.5.11.
2019-03-10 15:43:20.9712 Info Shutting down logging...
2019-03-10 15:43:21.0046 Info Logger has been shut down.
2019-03-10 22:14:46.1327 Info Message Template Auto Format enabled
2019-03-10 22:14:46.2413 Info Adding target File Target[file]
2019-03-10 22:14:46.2413 Info Configured from an XML element in C:\Users\Anant\source\repos\NameSorter\NameSorter\bin\Release\netcoreapp2.1\NLog.config...
2019-03-10 22:14:46.2772 Info Found 18 configuration items
2019-03-10 22:14:46.3082 Info Configuration initialized.
2019-03-10 22:14:46.3271 Info NLog, Version=4.0.0.0, Culture=neutral, PublicKeyToken=5120e14c03d0593c. File version: 4.5.11.8645. Product version: 4.5.11.
2019-03-10 22:15:03.0863 Info Shutting down logging...
2019-03-10 22:15:03.1633 Info Logger has been shut down.
2019-03-11 01:39:04.2736 Info Message Template Auto Format enabled
2019-03-11 01:39:04.3561 Info Adding target File Target[file]
2019-03-11 01:39:04.3674 Info Configured from an XML element in C:\Users\Anant\source\repos\NameSorter\NameSorter\bin\Release\netcoreapp2.1\NLog.config...
2019-03-11 01:39:04.3896 Info Found 18 configuration items
2019-03-11 01:39:04.4146 Info Configuration initialized.
2019-03-11 01:39:04.4277 Info NLog, Version=4.0.0.0, Culture=neutral, PublicKeyToken=5120e14c03d0593c. File version: 4.5.11.8645. Product version: 4.5.11.
2019-03-11 01:39:09.7331 Info Shutting down logging...
2019-03-11 01:39:09.7654 Info Logger has been shut down.
2019-03-11 01:44:44.0886 Info Message Template Auto Format enabled
2019-03-11 01:44:44.1606 Info Adding target File Target[file]
2019-03-11 01:44:44.1694 Info Configured from an XML element in C:\Users\Anant\source\repos\NameSorter\NameSorter\bin\Release\netcoreapp2.1\NLog.config...
2019-03-11 01:44:44.1840 Info Found 18 configuration items
2019-03-11 01:44:44.2017 Info Configuration initialized.
2019-03-11 01:44:44.2165 Info NLog, Version=4.0.0.0, Culture=neutral, PublicKeyToken=5120e14c03d0593c. File version: 4.5.11.8645. Product version: 4.5.11.
2019-03-11 01:44:49.0989 Info Shutting down logging...
2019-03-11 01:44:49.1422 Info Logger has been shut down.
2019-03-11 01:45:54.3559 Info Message Template Auto Format enabled
2019-03-11 01:45:54.4187 Info Adding target File Target[file]
2019-03-11 01:45:54.4298 Info Configured from an XML element in C:\Users\Anant\source\repos\NameSorter\NameSorter\bin\Release\netcoreapp2.1\NLog.config...
2019-03-11 01:45:54.4471 Info Found 18 configuration items
2019-03-11 01:45:54.4675 Info Configuration initialized.
2019-03-11 01:45:54.4826 Info NLog, Version=4.0.0.0, Culture=neutral, PublicKeyToken=5120e14c03d0593c. File version: 4.5.11.8645. Product version: 4.5.11.
2019-03-11 01:45:56.3011 Info Shutting down logging...
2019-03-11 01:45:56.3278 Info Logger has been shut down.
2019-03-11 01:55:53.8658 Info Message Template Auto Format enabled
2019-03-11 01:55:53.9178 Info Adding target File Target[file]
2019-03-11 01:55:53.9178 Info Configured from an XML element in C:\Users\Anant\source\repos\NameSorter\NameSorter\bin\Release\netcoreapp2.1\NLog.config...
2019-03-11 01:55:53.9409 Info Found 18 configuration items
2019-03-11 01:55:53.9580 Info Configuration initialized.
2019-03-11 01:55:53.9726 Info NLog, Version=4.0.0.0, Culture=neutral, PublicKeyToken=5120e14c03d0593c. File version: 4.5.11.8645. Product version: 4.5.11.
2019-03-11 01:56:01.9962 Info Shutting down logging...
2019-03-11 01:56:02.0292 Info Logger has been shut down.
2019-03-11 01:56:39.9048 Info Message Template Auto Format enabled
2019-03-11 01:56:39.9785 Info Adding target File Target[file]
2019-03-11 01:56:39.9876 Info Configured from an XML element in C:\Users\Anant\source\repos\NameSorter\NameSorter\bin\Release\netcoreapp2.1\NLog.config...
2019-03-11 01:56:40.0034 Info Found 18 configuration items
2019-03-11 01:56:40.0236 Info Configuration initialized.
2019-03-11 01:56:40.0362 Info NLog, Version=4.0.0.0, Culture=neutral, PublicKeyToken=5120e14c03d0593c. File version: 4.5.11.8645. Product version: 4.5.11.
2019-03-11 01:56:47.8788 Info Shutting down logging...
2019-03-11 01:56:47.9105 Info Logger has been shut down.
2019-03-11 01:59:32.1300 Info Message Template Auto Format enabled
2019-03-11 01:59:32.1990 Info Adding target File Target[file]
2019-03-11 01:59:32.2092 Info Configured from an XML element in C:\Users\Anant\source\repos\NameSorter\NameSorter\bin\Release\netcoreapp2.1\NLog.config...
2019-03-11 01:59:32.2255 Info Found 18 configuration items
2019-03-11 01:59:32.2415 Info Configuration initialized.
2019-03-11 01:59:32.2518 Info NLog, Version=4.0.0.0, Culture=neutral, PublicKeyToken=5120e14c03d0593c. File version: 4.5.11.8645. Product version: 4.5.11.
2019-03-11 01:59:34.5740 Info Shutting down logging...
2019-03-11 01:59:34.6302 Info Logger has been shut down.
2019-03-11 02:00:41.2932 Info Message Template Auto Format enabled
2019-03-11 02:00:41.3635 Info Adding target File Target[file]
2019-03-11 02:00:41.3635 Info Configured from an XML element in C:\Users\Anant\source\repos\NameSorter\NameSorter\bin\Release\netcoreapp2.1\NLog.config...
2019-03-11 02:00:41.3869 Info Found 18 configuration items
2019-03-11 02:00:41.3869 Info Configuration initialized.
2019-03-11 02:00:41.4165 Info NLog, Version=4.0.0.0, Culture=neutral, PublicKeyToken=5120e14c03d0593c. File version: 4.5.11.8645. Product version: 4.5.11.
2019-03-11 02:00:42.2149 Info Shutting down logging...
2019-03-11 02:00:42.2442 Info Logger has been shut down.
2019-03-11 05:52:31.0935 Info Message Template Auto Format enabled
2019-03-11 05:52:31.2374 Info Adding target File Target[file]
2019-03-11 05:52:31.2527 Info Configured from an XML element in C:\Users\Anant\source\repos\NameSorter\NameSorter\bin\Release\netcoreapp2.1\NLog.config...
2019-03-11 05:52:31.2853 Info Found 18 configuration items
2019-03-11 05:52:31.3232 Info Configuration initialized.
2019-03-11 05:52:31.3461 Info NLog, Version=4.0.0.0, Culture=neutral, PublicKeyToken=5120e14c03d0593c. File version: 4.5.11.8645. Product version: 4.5.11.
2019-03-11 05:52:37.2589 Info Shutting down logging...
2019-03-11 05:52:37.3943 Info Logger has been shut down.
2019-03-11 05:54:43.5158 Info Message Template Auto Format enabled
2019-03-11 05:54:43.6302 Info Adding target File Target[file]
2019-03-11 05:54:43.6428 Info Configured from an XML element in C:\Users\Anant\source\repos\NameSorter\NameSorter\bin\Release\netcoreapp2.1\NLog.config...
2019-03-11 05:54:43.6782 Info Found 18 configuration items
2019-03-11 05:54:43.7147 Info Configuration initialized.
2019-03-11 05:54:43.7365 Info NLog, Version=4.0.0.0, Culture=neutral, PublicKeyToken=5120e14c03d0593c. File version: 4.5.11.8645. Product version: 4.5.11.
2019-03-11 05:54:45.2812 Info Shutting down logging...
2019-03-11 05:54:45.3925 Info Logger has been shut down.
2019-03-11 05:56:21.7771 Info Message Template Auto Format enabled
2019-03-11 05:56:21.8753 Info Adding target File Target[file]
2019-03-11 05:56:21.8909 Info Configured from an XML element in C:\Users\Anant\source\repos\NameSorter\NameSorter\bin\Release\netcoreapp2.1\NLog.config...
2019-03-11 05:56:21.9215 Info Found 18 configuration items
2019-03-11 05:56:21.9589 Info Configuration initialized.
2019-03-11 05:56:21.9793 Info NLog, Version=4.0.0.0, Culture=neutral, PublicKeyToken=5120e14c03d0593c. File version: 4.5.11.8645. Product version: 4.5.11.
2019-03-11 05:56:23.6569 Info Shutting down logging...
2019-03-11 05:56:23.7585 Info Logger has been shut down.
2019-03-11 05:57:16.7234 Info Message Template Auto Format enabled
2019-03-11 05:57:16.8274 Info Adding target File Target[file]
2019-03-11 05:57:16.8401 Info Configured from an XML element in C:\Users\Anant\source\repos\NameSorter\NameSorter\bin\Release\netcoreapp2.1\NLog.config...
2019-03-11 05:57:16.8745 Info Found 18 configuration items
2019-03-11 05:57:16.9076 Info Configuration initialized.
2019-03-11 05:57:16.9242 Info NLog, Version=4.0.0.0, Culture=neutral, PublicKeyToken=5120e14c03d0593c. File version: 4.5.11.8645. Product version: 4.5.11.
2019-03-11 05:57:17.7149 Info Shutting down logging...
2019-03-11 05:57:17.8248 Info Logger has been shut down.
2019-03-11 06:04:38.4940 Info Message Template Auto Format enabled
2019-03-11 06:04:38.6110 Info Adding target File Target[file]
2019-03-11 06:04:38.6290 Info Configured from an XML element in C:\Users\Anant\source\repos\NameSorter\NameSorter\bin\Release\netcoreapp2.1\NLog.config...
2019-03-11 06:04:38.6625 Info Found 18 configuration items
2019-03-11 06:04:38.7030 Info Configuration initialized.
2019-03-11 06:04:38.7251 Info NLog, Version=4.0.0.0, Culture=neutral, PublicKeyToken=5120e14c03d0593c. File version: 4.5.11.8645. Product version: 4.5.11.
2019-03-11 06:04:40.5013 Info Shutting down logging...
2019-03-11 06:04:40.5907 Info Logger has been shut down.
2019-03-11 06:05:30.2307 Info Message Template Auto Format enabled
2019-03-11 06:05:30.3538 Info Adding target File Target[file]
2019-03-11 06:05:30.3705 Info Configured from an XML element in C:\Users\Anant\source\repos\NameSorter\NameSorter\bin\Release\netcoreapp2.1\NLog.config...
2019-03-11 06:05:30.4023 Info Found 18 configuration items
2019-03-11 06:05:30.4347 Info Configuration initialized.
2019-03-11 06:05:30.4649 Info NLog, Version=4.0.0.0, Culture=neutral, PublicKeyToken=5120e14c03d0593c. File version: 4.5.11.8645. Product version: 4.5.11.
2019-03-11 06:05:32.6959 Info Shutting down logging...
2019-03-11 06:05:32.7645 Info Logger has been shut down.
